<?xml version="1.0" encoding="UTF-8"?>
<!-- Generated by org.testng.reporters.JUnitReportReporter -->
<testsuite hostname="DESKTOP-2S175RD" failures="0" tests="6" name="com.wipro.CapStoneTestNG.ContactUsTest" time="0.488" errors="0" timestamp="2025-09-08T16:52:58 IST" skipped="0">
  <testcase classname="com.wipro.CapStoneTestNG.ContactUsTest" name="verifyContactHeader" time="0.125"/>
  <testcase classname="com.wipro.CapStoneTestNG.ContactUsTest" name="verifyAddressIcon" time="0.149"/>
  <testcase classname="com.wipro.CapStoneTestNG.ContactUsTest" name="verifyCallIcon" time="0.052"/>
  <testcase classname="com.wipro.CapStoneTestNG.ContactUsTest" name="verifyFaxIcon" time="0.040"/>
  <testcase classname="com.wipro.CapStoneTestNG.ContactUsTest" name="verifyEmailIcon" time="0.046"/>
  <testcase classname="com.wipro.CapStoneTestNG.ContactUsTest" name="verifyGoogleMapFrame" time="0.076"/>
</testsuite> <!-- com.wipro.CapStoneTestNG.ContactUsTest -->
