<?xml version="1.0" encoding="UTF-8"?>
<!-- Generated by org.testng.reporters.JUnitReportReporter -->
<testsuite hostname="DESKTOP-2S175RD" failures="0" tests="4" name="com.wipro.CapStoneTestNG.HealthProgramsTest" time="117.244" errors="0" timestamp="2025-09-08T13:31:53 IST" skipped="0">
  <testcase classname="com.wipro.CapStoneTestNG.HealthProgramsTest" name="testHealthyAging" time="21.603"/>
  <testcase classname="com.wipro.CapStoneTestNG.HealthProgramsTest" name="testAHECScholars" time="43.103"/>
  <testcase classname="com.wipro.CapStoneTestNG.HealthProgramsTest" name="testQuitTobacco" time="10.829"/>
  <testcase classname="com.wipro.CapStoneTestNG.HealthProgramsTest" name="testFlorida" time="41.709"/>
</testsuite> <!-- com.wipro.CapStoneTestNG.HealthProgramsTest -->
