<?xml version="1.0" encoding="UTF-8"?>
<!-- Generated by org.testng.reporters.JUnitReportReporter -->
<testsuite hostname="DESKTOP-2S175RD" failures="0" tests="6" name="com.wipro.CapStoneTestNG.HomePageTest" time="7.392" errors="0" timestamp="2025-09-08T19:07:54 IST" skipped="0">
  <testcase classname="com.wipro.CapStoneTestNG.HomePageTest" name="openHomePage" time="0.199"/>
  <testcase classname="com.wipro.CapStoneTestNG.HomePageTest" name="clickOnLogo" time="1.375"/>
  <testcase classname="com.wipro.CapStoneTestNG.HomePageTest" name="searchKeyword" time="0.967"/>
  <testcase classname="com.wipro.CapStoneTestNG.HomePageTest" name="clickHealthyAgingPrograms" time="3.432"/>
  <testcase classname="com.wipro.CapStoneTestNG.HomePageTest" name="clickAHECScholars" time="0.876"/>
  <testcase classname="com.wipro.CapStoneTestNG.HomePageTest" name="clickFacebookIcon" time="0.543"/>
</testsuite> <!-- com.wipro.CapStoneTestNG.HomePageTest -->
