<?xml version="1.0" encoding="UTF-8"?>
<!-- Generated by org.testng.reporters.JUnitReportReporter -->
<testsuite hostname="DESKTOP-2S175RD" failures="0" tests="3" name="com.wipro.CapStoneTestNG.HomePageTest" time="2.590" errors="0" timestamp="2025-09-08T13:22:20 IST" skipped="0">
  <testcase classname="com.wipro.CapStoneTestNG.HomePageTest" name="openHomePage" time="0.097"/>
  <testcase classname="com.wipro.CapStoneTestNG.HomePageTest" name="clickOnLogo" time="1.615"/>
  <testcase classname="com.wipro.CapStoneTestNG.HomePageTest" name="searchKeyword" time="0.878"/>
</testsuite> <!-- com.wipro.CapStoneTestNG.HomePageTest -->
