<?xml version="1.0" encoding="UTF-8"?>
<!-- Generated by org.testng.reporters.JUnitReportReporter -->
<testsuite hostname="DESKTOP-2S175RD" failures="0" tests="4" name="com.wipro.CapStoneTestNG.HealthProgramsTest" time="42.265" errors="0" timestamp="2025-09-08T16:14:13 IST" skipped="0">
  <testcase classname="com.wipro.CapStoneTestNG.HealthProgramsTest" name="testQuitTobacco" time="4.237"/>
  <testcase classname="com.wipro.CapStoneTestNG.HealthProgramsTest" name="testFlorida" time="12.558"/>
  <testcase classname="com.wipro.CapStoneTestNG.HealthProgramsTest" name="testHealthyAging" time="12.544"/>
  <testcase classname="com.wipro.CapStoneTestNG.HealthProgramsTest" name="testAHECScholars" time="12.926"/>
</testsuite> <!-- com.wipro.CapStoneTestNG.HealthProgramsTest -->
