<?xml version="1.0" encoding="UTF-8"?>
<!-- Generated by org.testng.reporters.JUnitReportReporter -->
<testsuite hostname="DESKTOP-2S175RD" failures="0" tests="1" name="com.wipro.CapStoneTestNG.InvalidRegi" time="6.928" errors="0" timestamp="2025-09-08T19:08:25 IST" skipped="0">
  <testcase classname="com.wipro.CapStoneTestNG.InvalidRegi" name="testInvalidRegistration" time="6.928"/>
</testsuite> <!-- com.wipro.CapStoneTestNG.InvalidRegi -->
