<?xml version="1.0" encoding="UTF-8"?>
<!-- Generated by org.testng.reporters.JUnitReportReporter -->
<testsuite hostname="DESKTOP-2S175RD" failures="0" tests="3" name="com.wipro.CapStoneTestNG.HomePageTest" time="1.992" errors="0" timestamp="2025-09-08T13:25:33 IST" skipped="0">
  <testcase classname="com.wipro.CapStoneTestNG.HomePageTest" name="openHomePage" time="0.052"/>
  <testcase classname="com.wipro.CapStoneTestNG.HomePageTest" name="clickOnLogo" time="1.123"/>
  <testcase classname="com.wipro.CapStoneTestNG.HomePageTest" name="searchKeyword" time="0.817"/>
</testsuite> <!-- com.wipro.CapStoneTestNG.HomePageTest -->
