<?xml version="1.0" encoding="UTF-8"?>
<!-- Generated by org.testng.reporters.JUnitReportReporter -->
<testsuite hostname="DESKTOP-2S175RD" failures="0" tests="6" name="com.wipro.CapStoneTestNG.HomePageTest" time="12.399" errors="0" timestamp="2025-09-08T19:36:57 IST" skipped="0">
  <testcase classname="com.wipro.CapStoneTestNG.HomePageTest" name="openHomePage" time="2.276"/>
  <testcase classname="com.wipro.CapStoneTestNG.HomePageTest" name="clickOnLogo" time="1.421"/>
  <testcase classname="com.wipro.CapStoneTestNG.HomePageTest" name="searchKeyword" time="2.165"/>
  <testcase classname="com.wipro.CapStoneTestNG.HomePageTest" name="clickHealthyAgingPrograms" time="2.832"/>
  <testcase classname="com.wipro.CapStoneTestNG.HomePageTest" name="clickAHECScholars" time="0.503"/>
  <testcase classname="com.wipro.CapStoneTestNG.HomePageTest" name="clickFacebookIcon" time="3.202"/>
</testsuite> <!-- com.wipro.CapStoneTestNG.HomePageTest -->
