<?xml version="1.0" encoding="UTF-8"?>
<!-- Generated by org.testng.reporters.JUnitReportReporter -->
<testsuite hostname="DESKTOP-2S175RD" failures="0" tests="6" name="com.wipro.CapStoneTestNG.ContactUsTest" time="4.735" errors="0" timestamp="2025-09-08T19:36:57 IST" skipped="0">
  <testcase classname="com.wipro.CapStoneTestNG.ContactUsTest" name="verifyContactHeader" time="4.240"/>
  <testcase classname="com.wipro.CapStoneTestNG.ContactUsTest" name="verifyAddressIcon" time="0.194"/>
  <testcase classname="com.wipro.CapStoneTestNG.ContactUsTest" name="verifyCallIcon" time="0.117"/>
  <testcase classname="com.wipro.CapStoneTestNG.ContactUsTest" name="verifyFaxIcon" time="0.060"/>
  <testcase classname="com.wipro.CapStoneTestNG.ContactUsTest" name="verifyEmailIcon" time="0.082"/>
  <testcase classname="com.wipro.CapStoneTestNG.ContactUsTest" name="verifyGoogleMapFrame" time="0.042"/>
</testsuite> <!-- com.wipro.CapStoneTestNG.ContactUsTest -->
