<?xml version="1.0" encoding="UTF-8"?>
<!-- Generated by org.testng.reporters.JUnitReportReporter -->
<testsuite hostname="DESKTOP-2S175RD" failures="0" tests="4" name="com.wipro.CapStoneTestNG.HealthProgramsTest" time="63.579" errors="0" timestamp="2025-09-08T19:36:57 IST" skipped="0">
  <testcase classname="com.wipro.CapStoneTestNG.HealthProgramsTest" name="testQuitTobacco" time="10.210"/>
  <testcase classname="com.wipro.CapStoneTestNG.HealthProgramsTest" name="testFlorida" time="33.726"/>
  <testcase classname="com.wipro.CapStoneTestNG.HealthProgramsTest" name="testHealthyAging" time="5.588"/>
  <testcase classname="com.wipro.CapStoneTestNG.HealthProgramsTest" name="testAHECScholars" time="14.055"/>
</testsuite> <!-- com.wipro.CapStoneTestNG.HealthProgramsTest -->
